2025.05.24 02:33:46 INFO  tracing is disabled for protocol LSP, to enable tracing of incoming and outgoing JSON messages create an empty file at d:\Data_Engineer\.metals\lsp.trace.json or C:\Users\khila\AppData\Local\scalameta\metals\cache\lsp.trace.json
2025.05.24 02:33:55 INFO  logging to files D:\Data_Engineer\.metals\metals.log
2025.05.24 02:33:55 INFO  Started: Metals version 1.5.3 in folders 'D:\Data_Engineer' for client Visual Studio Code 1.100.2.
2025.05.24 02:34:00 INFO  no build target found for D:\Data_Engineer\data-eng-case-study-main\src\main\scala\com\bosch\asc\pipeline\TaxiPipeline.scala. Using presentation compiler with project's scala-library version: 3.3.6
2025.05.24 02:34:11 INFO  no build target found for D:\Data_Engineer\data-eng-case-study-main\src\main\scala\com\bosch\asc\pipeline\TaxiPipeline.scala. Using presentation compiler with project's scala-library version: 3.3.6
2025.05.24 02:34:12 INFO  Attempting to connect to the build server...
2025.05.24 02:34:12 INFO  No running Bloop server found, starting one.
2025.05.24 02:34:19 INFO  restarted 1 presentation compiler
2025.05.24 02:34:22 INFO  Starting compilation server
2025.05.24 02:34:39 INFO  tracing is disabled for protocol BSP, to enable tracing of incoming and outgoing JSON messages create an empty file at D:\Data_Engineer\.metals\bsp.trace.json or C:\Users\khila\AppData\Local\scalameta\metals\cache\bsp.trace.json
2025.05.24 02:34:40 INFO  time: Connected to build server in 27s
2025.05.24 02:34:40 INFO  Connected to Build server: Bloop v2.0.10
May 24, 2025 2:34:40 AM scala.meta.internal.metals.StdReporter $anonfun$create$1
WARNING: Empty build targets. Expected at least one build target identifier. (full report at: D:\Data_Engineer\.metals\.reports\bloop\2025-05-24\r_Empty build targets...._02-34-40-382.md)
May 24, 2025 2:34:40 AM scala.meta.internal.metals.StdReporter $anonfun$create$1
WARNING: Empty build targets. Expected at least one build target identifier. (full report at: D:\Data_Engineer\.metals\.reports\bloop\2025-05-24\r_Empty build targets...._02-34-40-382.md)
May 24, 2025 2:34:40 AM scala.meta.internal.metals.StdReporter $anonfun$create$1
WARNING: Empty build targets. Expected at least one build target identifier. (full report at: D:\Data_Engineer\.metals\.reports\bloop\2025-05-24\r_Empty build targets...._02-34-40-382.md)
May 24, 2025 2:34:40 AM scala.meta.internal.metals.StdReporter $anonfun$create$1
WARNING: Empty build targets. Expected at least one build target identifier. (full report at: D:\Data_Engineer\.metals\.reports\bloop\2025-05-24\r_Empty build targets...._02-34-40-382.md)
May 24, 2025 2:34:40 AM scala.meta.internal.metals.StdReporter $anonfun$create$1
WARNING: Empty build targets. Expected at least one build target identifier. (full report at: D:\Data_Engineer\.metals\.reports\bloop\2025-05-24\r_Empty build targets...._02-34-40-382.md)
2025.05.24 02:34:40 INFO  time: Imported build in 0.48s
2025.05.24 02:34:50 INFO  time: indexed workspace in 9.52s
2025.05.24 02:34:50 WARN  no build target for: D:\Data_Engineer\data-eng-case-study-main\src\main\scala\com\bosch\asc\pipeline\TaxiPipeline.scala
2025.05.24 02:34:50 WARN  no build target for: D:\Data_Engineer\data-eng-case-study-main\src\main\scala\com\bosch\asc\pipeline\TaxiPipeline.scala
2025.05.24 02:34:50 INFO  no build target found for D:\Data_Engineer\data-eng-case-study-main\src\main\scala\com\bosch\asc\pipeline\TaxiPipeline.scala. Using presentation compiler with project's scala-library version: 3.3.6
2025.05.24 02:34:50 INFO  no build target found for D:\Data_Engineer\data-eng-case-study-main\src\main\scala\com\bosch\asc\pipeline\TaxiPipeline.scala. Using presentation compiler with project's scala-library version: 3.3.6
2025.05.24 02:34:52 INFO  no build target found for D:\Data_Engineer\data-eng-case-study-main\src\main\scala\com\bosch\asc\pipeline\TaxiPipeline.scala. Using presentation compiler with project's scala-library version: 3.3.6
2025.05.24 02:34:53 INFO  time: code lens generation in 2.69s
2025.05.24 02:34:53 INFO  time: code lens generation in 2.31s
2025.05.24 02:37:15 WARN  no build target for: D:\Data_Engineer\data-eng-case-study-main\src\main\scala\com\bosch\asc\pipeline\TaxiPipeline.scala
2025.05.24 02:37:15 INFO  no build target found for D:\Data_Engineer\data-eng-case-study-main\src\main\scala\com\bosch\asc\pipeline\TaxiPipeline.scala. Using presentation compiler with project's scala-library version: 3.3.6
2025.05.24 02:37:15 INFO  no build target found for D:\Data_Engineer\data-eng-case-study-main\src\main\scala\com\bosch\asc\pipeline\TaxiPipeline.scala. Using presentation compiler with project's scala-library version: 3.3.6
2025.05.24 02:37:16 INFO  no build target found for D:\Data_Engineer\data-eng-case-study-main\src\main\scala\com\bosch\asc\pipeline\TaxiPipeline.scala. Using presentation compiler with project's scala-library version: 3.3.6
2025.05.24 02:37:34 WARN  no build target for: D:\Data_Engineer\data-eng-case-study-main\src\main\scala\com\bosch\asc\pipeline\TaxiPipeline.scala
2025.05.24 02:37:34 INFO  no build target found for D:\Data_Engineer\data-eng-case-study-main\src\main\scala\com\bosch\asc\pipeline\TaxiPipeline.scala. Using presentation compiler with project's scala-library version: 3.3.6
2025.05.24 02:37:34 INFO  no build target found for D:\Data_Engineer\data-eng-case-study-main\src\main\scala\com\bosch\asc\pipeline\TaxiPipeline.scala. Using presentation compiler with project's scala-library version: 3.3.6
2025.05.24 02:37:34 INFO  no build target found for D:\Data_Engineer\data-eng-case-study-main\src\main\scala\com\bosch\asc\pipeline\TaxiPipeline.scala. Using presentation compiler with project's scala-library version: 3.3.6
2025.05.24 02:37:34 INFO  no build target found for D:\Data_Engineer\data-eng-case-study-main\src\main\scala\com\bosch\asc\pipeline\TaxiPipeline.scala. Using presentation compiler with project's scala-library version: 3.3.6
2025.05.24 02:39:53 INFO  no build target found for D:\Data_Engineer\data-eng-case-study-main\src\main\scala\com\bosch\asc\pipeline\TaxiPipeline.scala. Using presentation compiler with project's scala-library version: 3.3.6
2025.05.24 02:40:19 WARN  no build target for: D:\Data_Engineer\data-eng-case-study-main\src\main\scala\com\bosch\asc\pipeline\TaxiPipeline.scala
2025.05.24 02:40:19 INFO  no build target found for D:\Data_Engineer\data-eng-case-study-main\src\main\scala\com\bosch\asc\pipeline\TaxiPipeline.scala. Using presentation compiler with project's scala-library version: 3.3.6
2025.05.24 02:40:19 INFO  no build target found for D:\Data_Engineer\data-eng-case-study-main\src\main\scala\com\bosch\asc\pipeline\TaxiPipeline.scala. Using presentation compiler with project's scala-library version: 3.3.6
Exception in thread "pool-14-thread-1" 2025.05.24 02:40:19 INFO  no build target found for D:\Data_Engineer\data-eng-case-study-main\src\main\scala\com\bosch\asc\pipeline\TaxiPipeline.scala. Using presentation compiler with project's scala-library version: 3.3.6
java.lang.InterruptedException
	at scala.meta.internal.metals.FutureCancelToken.checkCanceled(FutureCancelToken.scala:29)
	at scala.meta.internal.pc.CompilerAccess.onCompilerJobQueue$$anonfun$1(CompilerAccess.scala:244)
	at scala.meta.internal.pc.CompilerJobQueue$Job.run(CompilerJobQueue.scala:153)
	at java.base/java.util.concurrent.ThreadPoolExecutor.runWorker(ThreadPoolExecutor.java:1144)
	at java.base/java.util.concurrent.ThreadPoolExecutor$Worker.run(ThreadPoolExecutor.java:642)
	at java.base/java.lang.Thread.run(Thread.java:1583)
2025.05.24 02:40:20 INFO  no build target found for D:\Data_Engineer\data-eng-case-study-main\src\main\scala\com\bosch\asc\pipeline\TaxiPipeline.scala. Using presentation compiler with project's scala-library version: 3.3.6
2025.05.24 02:40:19 INFO  no build target found for D:\Data_Engineer\data-eng-case-study-main\src\main\scala\com\bosch\asc\pipeline\TaxiPipeline.scala. Using presentation compiler with project's scala-library version: 3.3.6
2025.05.24 02:40:24 INFO  no build target found for D:\Data_Engineer\data-eng-case-study-main\src\main\scala\com\bosch\asc\pipeline\TaxiPipeline.scala. Using presentation compiler with project's scala-library version: 3.3.6
2025.05.24 02:40:24 INFO  no build target found for D:\Data_Engineer\data-eng-case-study-main\src\main\scala\com\bosch\asc\pipeline\TaxiPipeline.scala. Using presentation compiler with project's scala-library version: 3.3.6
2025.05.24 02:40:24 INFO  no build target found for D:\Data_Engineer\data-eng-case-study-main\src\main\scala\com\bosch\asc\pipeline\TaxiPipeline.scala. Using presentation compiler with project's scala-library version: 3.3.6
2025.05.24 02:40:27 INFO  no build target found for D:\Data_Engineer\data-eng-case-study-main\src\main\scala\com\bosch\asc\pipeline\TaxiPipeline.scala. Using presentation compiler with project's scala-library version: 3.3.6
2025.05.24 02:40:41 INFO  Shutting down server
2025.05.24 02:40:41 INFO  shutting down Metals
2025.05.24 02:40:41 INFO  Shut down connection with build server.
2025.05.24 02:40:41 INFO  Exiting server
