2025.05.23 23:57:53 INFO  Started: Metals version 1.5.3 in folders 'D:\data-eng-case-study-main' for client Visual Studio Code 1.100.2.
2025.05.23 23:57:54 INFO  no build target found for D:\data-eng-case-study-main\src\main\scala\com\bosch\asc\pipeline\TaxiPipeline.scala. Using presentation compiler with project's scala-library version: 3.3.6
May 23, 2025 11:57:56 PM org.eclipse.lsp4j.jsonrpc.RemoteEndpoint handleCancellation
WARNING: Unmatched cancel notification for request id 2
2025.05.23 23:57:56 INFO  no build target found for D:\data-eng-case-study-main\src\main\scala\com\bosch\asc\pipeline\TaxiPipeline.scala. Using presentation compiler with project's scala-library version: 3.3.6
2025.05.23 23:57:56 INFO  no build target found for D:\data-eng-case-study-main\src\main\scala\com\bosch\asc\pipeline\TaxiPipeline.scala. Using presentation compiler with project's scala-library version: 3.3.6
2025.05.23 23:57:56 INFO  no build target found for D:\data-eng-case-study-main\src\main\scala\com\bosch\asc\pipeline\TaxiPipeline.scala. Using presentation compiler with project's scala-library version: 3.3.6
2025.05.23 23:57:56 INFO  no build target found for D:\data-eng-case-study-main\src\main\scala\com\bosch\asc\pipeline\TaxiPipeline.scala. Using presentation compiler with project's scala-library version: 3.3.6
May 23, 2025 11:57:56 PM org.eclipse.lsp4j.jsonrpc.RemoteEndpoint handleCancellation
WARNING: Unmatched cancel notification for request id 9
May 23, 2025 11:57:56 PM org.eclipse.lsp4j.jsonrpc.RemoteEndpoint handleCancellation
WARNING: Unmatched cancel notification for request id 10
2025.05.23 23:58:01 INFO  running 'C:\Program Files\Java\jdk-11\bin\java.exe -Djline.terminal=jline.UnsupportedTerminal -Dsbt.log.noformat=true -Dfile.encoding=UTF-8 -java-home -jar C:\Users\khila\AppData\Local\Temp\metals9306796949629281125\sbt-launch.jar -Dbloop.export-jar-classifiers=sources bloopInstall'
2025.05.23 23:58:01 INFO  no build target found for D:\data-eng-case-study-main\src\main\scala\com\bosch\asc\pipeline\TaxiPipeline.scala. Using presentation compiler with project's scala-library version: 3.3.6
2025.05.23 23:58:01 ERROR Unrecognized option: -java-home
2025.05.23 23:58:01 ERROR Error: Could not create the Java Virtual Machine.
2025.05.23 23:58:01 ERROR Error: A fatal exception has occurred. Program will exit.
2025.05.23 23:58:01 INFO  time: ran 'sbt bloopInstall' in 75ms
2025.05.23 23:58:01 ERROR sbt command failed: C:\Program Files\Java\jdk-11\bin\java.exe -Djline.terminal=jline.UnsupportedTerminal -Dsbt.log.noformat=true -Dfile.encoding=UTF-8 -java-home -jar C:\Users\khila\AppData\Local\Temp\metals9306796949629281125\sbt-launch.jar -Dbloop.export-jar-classifiers=sources bloopInstall
2025.05.23 23:58:20 INFO  no build target found for D:\data-eng-case-study-main\src\main\scala\com\bosch\asc\pipeline\TaxiPipeline.scala. Using presentation compiler with project's scala-library version: 3.3.6
2025.05.23 23:58:35 INFO  no build target found for D:\data-eng-case-study-main\src\main\scala\com\bosch\asc\pipeline\TaxiPipeline.scala. Using presentation compiler with project's scala-library version: 3.3.6
2025.05.24 00:03:39 INFO  no build target found for D:\data-eng-case-study-main\src\main\scala\com\bosch\asc\pipeline\TaxiPipeline.scala. Using presentation compiler with project's scala-library version: 3.3.6
2025.05.24 00:03:43 INFO  no build target found for D:\data-eng-case-study-main\src\main\scala\com\bosch\asc\pipeline\TaxiPipeline.scala. Using presentation compiler with project's scala-library version: 3.3.6
2025.05.24 00:03:45 INFO  no build target found for D:\data-eng-case-study-main\src\main\scala\com\bosch\asc\pipeline\TaxiPipeline.scala. Using presentation compiler with project's scala-library version: 3.3.6
2025.05.24 00:07:51 INFO  no build target found for D:\data-eng-case-study-main\src\main\scala\com\bosch\asc\pipeline\TaxiPipeline.scala. Using presentation compiler with project's scala-library version: 3.3.6
2025.05.24 00:07:53 INFO  Shutting down server
2025.05.24 00:07:53 INFO  shutting down Metals
2025.05.24 00:07:53 INFO  Exiting server
2025.05.24 00:08:16 INFO  Started: Metals version 1.5.3 in folders 'D:\data-eng-case-study-main' for client Visual Studio Code 1.100.2.
2025.05.24 00:08:16 INFO  no build target found for D:\data-eng-case-study-main\src\main\scala\com\bosch\asc\pipeline\TaxiPipeline.scala. Using presentation compiler with project's scala-library version: 3.3.6
2025.05.24 00:08:21 INFO  no build target found for D:\data-eng-case-study-main\src\main\scala\com\bosch\asc\pipeline\TaxiPipeline.scala. Using presentation compiler with project's scala-library version: 3.3.6
2025.05.24 00:08:21 INFO  Attempting to connect to the build server...
2025.05.24 00:08:21 INFO  No running Bloop server found, starting one.
2025.05.24 00:08:21 INFO  no build target found for D:\data-eng-case-study-main\src\main\scala\com\bosch\asc\pipeline\TaxiPipeline.scala. Using presentation compiler with project's scala-library version: 3.3.6
2025.05.24 00:08:23 INFO  Starting compilation server
2025.05.24 00:08:31 INFO  tracing is disabled for protocol BSP, to enable tracing of incoming and outgoing JSON messages create an empty file at D:\data-eng-case-study-main\.metals\bsp.trace.json or C:\Users\khila\AppData\Local\scalameta\metals\cache\bsp.trace.json
2025.05.24 00:08:31 INFO  Attempting to connect to the build server...
2025.05.24 00:08:31 INFO  Found a Bloop server running
2025.05.24 00:08:31 INFO  Attempting to connect to the build server...
2025.05.24 00:08:31 INFO  Found a Bloop server running
2025.05.24 00:08:32 INFO  tracing is disabled for protocol BSP, to enable tracing of incoming and outgoing JSON messages create an empty file at D:\data-eng-case-study-main\project\project\.metals\bsp.trace.json or C:\Users\khila\AppData\Local\scalameta\metals\cache\bsp.trace.json
2025.05.24 00:08:32 INFO  tracing is disabled for protocol BSP, to enable tracing of incoming and outgoing JSON messages create an empty file at D:\data-eng-case-study-main\project\.metals\bsp.trace.json or C:\Users\khila\AppData\Local\scalameta\metals\cache\bsp.trace.json
2025.05.24 00:08:32 INFO  time: Connected to build server in 10s
2025.05.24 00:08:32 INFO  no build target found for D:\data-eng-case-study-main\src\main\scala\com\bosch\asc\pipeline\TaxiPipeline.scala. Using presentation compiler with project's scala-library version: 3.3.6
2025.05.24 00:08:32 WARN  no build target for: D:\data-eng-case-study-main\src\main\scala\com\bosch\asc\pipeline\TaxiPipeline.scala
2025.05.24 00:08:32 INFO  no build target found for D:\data-eng-case-study-main\src\main\scala\com\bosch\asc\pipeline\TaxiPipeline.scala. Using presentation compiler with project's scala-library version: 3.3.6
2025.05.24 00:08:32 INFO  running 'C:\Program Files\Java\jdk-11\bin\java.exe -Djline.terminal=jline.UnsupportedTerminal -Dsbt.log.noformat=true -Dfile.encoding=UTF-8 -jar C:\Users\khila\AppData\Local\Temp\metals17075901392929420865\sbt-launch.jar -Dbloop.export-jar-classifiers=sources bloopInstall'
2025.05.24 00:08:34 INFO  [info] welcome to sbt 1.10.7 (Oracle Corporation Java 11.0.25)
2025.05.24 00:08:34 INFO  [info] loading settings for project data-eng-case-study-main-build-build-build from metals.sbt...
2025.05.24 00:08:35 INFO  [info] loading project definition from D:\data-eng-case-study-main\project\project\project
2025.05.24 00:08:35 INFO  [info] loading settings for project data-eng-case-study-main-build-build from metals.sbt...
2025.05.24 00:08:36 INFO  [info] loading project definition from D:\data-eng-case-study-main\project\project
2025.05.24 00:08:38 INFO  [success] Generated .bloop\data-eng-case-study-main-build-build.json
2025.05.24 00:08:38 INFO  [success] Total time: 2 s, completed 24-May-2025, 12:08:38 AM
2025.05.24 00:08:38 INFO  [info] loading settings for project data-eng-case-study-main-build from metals.sbt, plugins.sbt...
2025.05.24 00:08:38 INFO  [info] loading project definition from D:\data-eng-case-study-main\project
2025.05.24 00:08:39 INFO  no build target found for D:\data-eng-case-study-main\src\main\scala\com\bosch\asc\pipeline\TaxiPipeline.scala. Using presentation compiler with project's scala-library version: 3.3.6
2025.05.24 00:08:40 INFO  [success] Generated .bloop\data-eng-case-study-main-build.json
2025.05.24 00:08:40 INFO  [success] Total time: 1 s, completed 24-May-2025, 12:08:40 AM
2025.05.24 00:08:40 INFO  [info] loading settings for project root from build.sbt...
2025.05.24 00:08:40 INFO  [info] set current project to pipeline (in build file:/D:/data-eng-case-study-main/)
2025.05.24 00:08:40 INFO  [info] .env detected (fileName=.env). About to configure JVM System Environment with new map
2025.05.24 00:08:40 ERROR WARNING: An illegal reflective access operation has occurred
2025.05.24 00:08:40 INFO  [info] Configured .env environment
2025.05.24 00:08:40 ERROR WARNING: Illegal reflective access by au.com.onegeek.sbtdotenv.DirtyEnvironmentHack$ (file:/C:/Users/khila/AppData/Local/Coursier/Cache/v1/https/repo1.maven.org/maven2/nl/gn0s1s/sbt-dotenv_2.12_1.0/3.1.1/sbt-dotenv_2.12_1.0-3.1.1.jar) to field java.lang.ProcessEnvironment.theEnvironment
2025.05.24 00:08:40 ERROR WARNING: Please consider reporting this to the maintainers of au.com.onegeek.sbtdotenv.DirtyEnvironmentHack$
2025.05.24 00:08:40 ERROR WARNING: Use --illegal-access=warn to enable warnings of further illegal reflective access operations
2025.05.24 00:08:40 ERROR WARNING: All illegal access operations will be denied in a future release
2025.05.24 00:08:42 INFO  [success] Generated .bloop\root.json
2025.05.24 00:08:42 INFO  [success] Generated .bloop\root-test.json
2025.05.24 00:08:42 INFO  [success] Total time: 2 s, completed 24-May-2025, 12:08:42 AM
2025.05.24 00:08:42 INFO  time: ran 'sbt bloopInstall' in 10s
2025.05.24 00:08:42 INFO  Attempting to connect to the build server...
2025.05.24 00:08:42 INFO  Found a Bloop server running
2025.05.24 00:08:42 INFO  tracing is disabled for protocol BSP, to enable tracing of incoming and outgoing JSON messages create an empty file at D:\data-eng-case-study-main\.metals\bsp.trace.json or C:\Users\khila\AppData\Local\scalameta\metals\cache\bsp.trace.json
2025.05.24 00:08:42 INFO  Attempting to connect to the build server...
2025.05.24 00:08:42 INFO  Found a Bloop server running
2025.05.24 00:08:42 INFO  Attempting to connect to the build server...
2025.05.24 00:08:42 INFO  Found a Bloop server running
2025.05.24 00:08:42 INFO  tracing is disabled for protocol BSP, to enable tracing of incoming and outgoing JSON messages create an empty file at D:\data-eng-case-study-main\project\project\.metals\bsp.trace.json or C:\Users\khila\AppData\Local\scalameta\metals\cache\bsp.trace.json
2025.05.24 00:08:42 INFO  tracing is disabled for protocol BSP, to enable tracing of incoming and outgoing JSON messages create an empty file at D:\data-eng-case-study-main\project\.metals\bsp.trace.json or C:\Users\khila\AppData\Local\scalameta\metals\cache\bsp.trace.json
2025.05.24 00:08:42 INFO  time: Connected to build server in 0.29s
2025.05.24 00:08:42 INFO  Connected to Build server: Bloop v2.0.10
2025.05.24 00:08:43 INFO  time: Imported build in 0.21s
2025.05.24 00:11:52 INFO  time: indexed workspace in 3m9s
2025.05.24 00:11:53 INFO  compiling root (2 scala sources)
2025.05.24 00:11:58 INFO  compiling root-test (1 scala source)
2025.05.24 00:11:58 INFO  time: compiled root-test in 0.45s
2025.05.24 00:11:58 INFO  time: compiled root in 5.84s
2025.05.24 00:13:12 INFO  running 'C:\Program Files\Java\jdk-11\bin\java.exe -Djline.terminal=jline.UnsupportedTerminal -Dsbt.log.noformat=true -Dfile.encoding=UTF-8 -jar C:\Users\khila\AppData\Local\Temp\metals5510059060419924136\sbt-launch.jar -Dbloop.export-jar-classifiers=sources bloopInstall'
2025.05.24 00:13:14 INFO  [info] welcome to sbt 1.10.7 (Oracle Corporation Java 11.0.25)
2025.05.24 00:13:14 INFO  [info] loading settings for project data-eng-case-study-main-build-build-build from metals.sbt...
2025.05.24 00:13:15 INFO  [info] loading project definition from D:\data-eng-case-study-main\project\project\project
2025.05.24 00:13:15 INFO  [info] loading settings for project data-eng-case-study-main-build-build from metals.sbt...
2025.05.24 00:13:15 INFO  [info] loading project definition from D:\data-eng-case-study-main\project\project
2025.05.24 00:13:18 INFO  [success] Generated .bloop\data-eng-case-study-main-build-build.json
2025.05.24 00:13:18 INFO  [success] Total time: 2 s, completed 24-May-2025, 12:13:18 AM
2025.05.24 00:13:18 INFO  [info] loading settings for project data-eng-case-study-main-build from metals.sbt, plugins.sbt...
2025.05.24 00:13:18 INFO  [info] loading project definition from D:\data-eng-case-study-main\project
2025.05.24 00:13:19 INFO  [success] Generated .bloop\data-eng-case-study-main-build.json
2025.05.24 00:13:19 INFO  [success] Total time: 1 s, completed 24-May-2025, 12:13:19 AM
2025.05.24 00:13:19 INFO  [info] loading settings for project root from build.sbt...
2025.05.24 00:13:19 INFO  [info] set current project to pipeline (in build file:/D:/data-eng-case-study-main/)
2025.05.24 00:13:19 INFO  [info] .env detected (fileName=.env). About to configure JVM System Environment with new map
2025.05.24 00:13:19 INFO  [info] Configured .env environment
2025.05.24 00:13:19 ERROR WARNING: An illegal reflective access operation has occurred
2025.05.24 00:13:19 ERROR WARNING: Illegal reflective access by au.com.onegeek.sbtdotenv.DirtyEnvironmentHack$ (file:/C:/Users/khila/AppData/Local/Coursier/Cache/v1/https/repo1.maven.org/maven2/nl/gn0s1s/sbt-dotenv_2.12_1.0/3.1.1/sbt-dotenv_2.12_1.0-3.1.1.jar) to field java.lang.ProcessEnvironment.theEnvironment
2025.05.24 00:13:19 ERROR WARNING: Please consider reporting this to the maintainers of au.com.onegeek.sbtdotenv.DirtyEnvironmentHack$
2025.05.24 00:13:19 ERROR WARNING: Use --illegal-access=warn to enable warnings of further illegal reflective access operations
2025.05.24 00:13:19 ERROR WARNING: All illegal access operations will be denied in a future release
2025.05.24 00:13:21 INFO  [success] Generated .bloop\root.json
2025.05.24 00:13:21 INFO  [success] Generated .bloop\root-test.json
2025.05.24 00:13:21 INFO  [success] Total time: 2 s, completed 24-May-2025, 12:13:21 AM
2025.05.24 00:13:21 INFO  time: ran 'sbt bloopInstall' in 9.19s
2025.05.24 00:13:21 INFO  Disconnecting from Bloop session...
2025.05.24 00:13:21 INFO  Shut down connection with build server.
2025.05.24 00:13:21 INFO  Shut down connection with build server.
2025.05.24 00:13:21 INFO  Shut down connection with build server.
2025.05.24 00:13:21 INFO  Attempting to connect to the build server...
2025.05.24 00:13:21 INFO  Found a Bloop server running
2025.05.24 00:13:21 INFO  tracing is disabled for protocol BSP, to enable tracing of incoming and outgoing JSON messages create an empty file at D:\data-eng-case-study-main\.metals\bsp.trace.json or C:\Users\khila\AppData\Local\scalameta\metals\cache\bsp.trace.json
2025.05.24 00:13:21 INFO  Attempting to connect to the build server...
2025.05.24 00:13:21 INFO  Found a Bloop server running
2025.05.24 00:13:21 INFO  Attempting to connect to the build server...
2025.05.24 00:13:21 INFO  Found a Bloop server running
2025.05.24 00:13:22 INFO  tracing is disabled for protocol BSP, to enable tracing of incoming and outgoing JSON messages create an empty file at D:\data-eng-case-study-main\project\project\.metals\bsp.trace.json or C:\Users\khila\AppData\Local\scalameta\metals\cache\bsp.trace.json
2025.05.24 00:13:22 INFO  tracing is disabled for protocol BSP, to enable tracing of incoming and outgoing JSON messages create an empty file at D:\data-eng-case-study-main\project\.metals\bsp.trace.json or C:\Users\khila\AppData\Local\scalameta\metals\cache\bsp.trace.json
2025.05.24 00:13:22 INFO  time: Connected to build server in 0.31s
2025.05.24 00:13:22 INFO  Connected to Build server: Bloop v2.0.10
2025.05.24 00:13:21 INFO  time: Imported build in 0.19s
2025.05.24 00:13:28 INFO  time: indexed workspace in 6.59s
2025.05.24 00:52:24 INFO  Shutting down server
2025.05.24 00:52:24 INFO  shutting down Metals
2025.05.24 00:52:24 INFO  Shut down connection with build server.
2025.05.24 00:52:24 INFO  Shut down connection with build server.
2025.05.24 00:52:24 INFO  Shut down connection with build server.
2025.05.24 00:52:24 INFO  Exiting server
2025.05.24 00:55:04 INFO  Started: Metals version 1.5.3 in folders 'D:\data-eng-case-study-main' for client Visual Studio Code 1.100.2.
2025.05.24 00:55:11 INFO  Attempting to connect to the build server...
2025.05.24 00:55:11 INFO  Found a Bloop server running
2025.05.24 00:55:11 INFO  tracing is disabled for protocol BSP, to enable tracing of incoming and outgoing JSON messages create an empty file at D:\data-eng-case-study-main\.metals\bsp.trace.json or C:\Users\khila\AppData\Local\scalameta\metals\cache\bsp.trace.json
2025.05.24 00:55:12 INFO  Attempting to connect to the build server...
2025.05.24 00:55:12 INFO  Found a Bloop server running
2025.05.24 00:55:12 INFO  Attempting to connect to the build server...
2025.05.24 00:55:12 INFO  Found a Bloop server running
2025.05.24 00:55:12 INFO  tracing is disabled for protocol BSP, to enable tracing of incoming and outgoing JSON messages create an empty file at D:\data-eng-case-study-main\project\project\.metals\bsp.trace.json or C:\Users\khila\AppData\Local\scalameta\metals\cache\bsp.trace.json
2025.05.24 00:55:12 INFO  tracing is disabled for protocol BSP, to enable tracing of incoming and outgoing JSON messages create an empty file at D:\data-eng-case-study-main\project\.metals\bsp.trace.json or C:\Users\khila\AppData\Local\scalameta\metals\cache\bsp.trace.json
2025.05.24 00:55:12 INFO  time: Connected to build server in 1.35s
2025.05.24 00:55:12 INFO  Connected to Build server: Bloop v2.0.10
2025.05.24 00:55:13 INFO  time: Imported build in 0.34s
2025.05.24 00:55:41 INFO  time: indexed workspace in 28s
2025.05.24 01:02:46 INFO  Shutting down server
2025.05.24 01:02:46 INFO  shutting down Metals
2025.05.24 01:02:46 INFO  Shut down connection with build server.
2025.05.24 01:02:46 INFO  Shut down connection with build server.
2025.05.24 01:02:46 INFO  Shut down connection with build server.
2025.05.24 01:02:46 INFO  Exiting server
2025.05.24 02:40:53 INFO  Started: Metals version 1.5.3 in folders 'D:\Data_Engineer\data-eng-case-study-main' for client Visual Studio Code 1.100.2.
2025.05.24 02:40:54 INFO  no build target found for D:\Data_Engineer\data-eng-case-study-main\src\main\scala\com\bosch\asc\pipeline\TaxiPipeline.scala. Using presentation compiler with project's scala-library version: 3.3.6
2025.05.24 02:40:57 INFO  no build target found for D:\Data_Engineer\data-eng-case-study-main\src\main\scala\com\bosch\asc\pipeline\TaxiPipeline.scala. Using presentation compiler with project's scala-library version: 3.3.6
2025.05.24 02:40:57 INFO  no build target found for D:\Data_Engineer\data-eng-case-study-main\src\main\scala\com\bosch\asc\pipeline\TaxiPipeline.scala. Using presentation compiler with project's scala-library version: 3.3.6
2025.05.24 02:40:57 INFO  Attempting to connect to the build server...
2025.05.24 02:40:57 INFO  Found a Bloop server running
2025.05.24 02:40:57 INFO  tracing is disabled for protocol BSP, to enable tracing of incoming and outgoing JSON messages create an empty file at D:\Data_Engineer\data-eng-case-study-main\.metals\bsp.trace.json or C:\Users\khila\AppData\Local\scalameta\metals\cache\bsp.trace.json
2025.05.24 02:40:58 INFO  Attempting to connect to the build server...
2025.05.24 02:40:58 INFO  Found a Bloop server running
2025.05.24 02:40:58 INFO  Attempting to connect to the build server...
2025.05.24 02:40:58 INFO  Found a Bloop server running
2025.05.24 02:40:58 INFO  tracing is disabled for protocol BSP, to enable tracing of incoming and outgoing JSON messages create an empty file at D:\Data_Engineer\data-eng-case-study-main\project\project\.metals\bsp.trace.json or C:\Users\khila\AppData\Local\scalameta\metals\cache\bsp.trace.json
2025.05.24 02:40:58 INFO  tracing is disabled for protocol BSP, to enable tracing of incoming and outgoing JSON messages create an empty file at D:\Data_Engineer\data-eng-case-study-main\project\.metals\bsp.trace.json or C:\Users\khila\AppData\Local\scalameta\metals\cache\bsp.trace.json
2025.05.24 02:40:58 INFO  time: Connected to build server in 1.38s
2025.05.24 02:40:58 INFO  Connected to Build server: Bloop v2.0.10
2025.05.24 02:40:59 INFO  no build target found for D:\Data_Engineer\data-eng-case-study-main\src\main\scala\com\bosch\asc\pipeline\TaxiPipeline.scala. Using presentation compiler with project's scala-library version: 3.3.6
2025.05.24 02:40:59 INFO  no build target found for D:\Data_Engineer\data-eng-case-study-main\src\main\scala\com\bosch\asc\pipeline\TaxiPipeline.scala. Using presentation compiler with project's scala-library version: 3.3.6
2025.05.24 02:40:59 INFO  no build target found for D:\Data_Engineer\data-eng-case-study-main\src\main\scala\com\bosch\asc\pipeline\TaxiPipeline.scala. Using presentation compiler with project's scala-library version: 3.3.6
2025.05.24 02:40:59 INFO  time: Imported build in 0.77s
May 24, 2025 2:40:59 AM org.eclipse.lsp4j.jsonrpc.RemoteEndpoint handleCancellation
WARNING: Unmatched cancel notification for request id 10
May 24, 2025 2:40:59 AM org.eclipse.lsp4j.jsonrpc.RemoteEndpoint handleCancellation
WARNING: Unmatched cancel notification for request id 11
2025.05.24 02:42:27 INFO  no build target found for D:\Data_Engineer\data-eng-case-study-main\src\main\scala\com\bosch\asc\pipeline\TaxiPipeline.scala. Using presentation compiler with project's scala-library version: 2.13.13
2025.05.24 02:42:29 INFO  no build target found for D:\Data_Engineer\data-eng-case-study-main\src\main\scala\com\bosch\asc\pipeline\TaxiPipeline.scala. Using presentation compiler with project's scala-library version: 2.13.13
2025.05.24 02:42:36 INFO  no build target found for D:\Data_Engineer\data-eng-case-study-main\src\main\scala\com\bosch\asc\pipeline\TaxiPipeline.scala. Using presentation compiler with project's scala-library version: 2.13.13
2025.05.24 02:42:36 INFO  no build target found for D:\Data_Engineer\data-eng-case-study-main\src\main\scala\com\bosch\asc\pipeline\TaxiPipeline.scala. Using presentation compiler with project's scala-library version: 2.13.13
2025.05.24 02:42:37 INFO  no build target found for D:\Data_Engineer\data-eng-case-study-main\src\main\scala\com\bosch\asc\pipeline\TaxiPipeline.scala. Using presentation compiler with project's scala-library version: 2.13.13
2025.05.24 02:42:39 INFO  time: indexed workspace in 1m40s
2025.05.24 02:42:40 WARN  no build target for: D:\Data_Engineer\data-eng-case-study-main\src\main\scala\com\bosch\asc\pipeline\TaxiPipeline.scala
2025.05.24 02:42:40 INFO  no build target found for D:\Data_Engineer\data-eng-case-study-main\src\main\scala\com\bosch\asc\pipeline\TaxiPipeline.scala. Using presentation compiler with project's scala-library version: 2.13.13
2025.05.24 02:42:40 WARN  no build target for: D:\Data_Engineer\data-eng-case-study-main\src\main\scala\com\bosch\asc\pipeline\TaxiPipeline.scala
2025.05.24 02:42:40 INFO  no build target found for D:\Data_Engineer\data-eng-case-study-main\src\main\scala\com\bosch\asc\pipeline\TaxiPipeline.scala. Using presentation compiler with project's scala-library version: 2.13.13
2025.05.24 02:42:41 INFO  time: code lens generation in 1.53s
2025.05.24 02:42:41 INFO  time: code lens generation in 1.53s
2025.05.24 02:42:42 INFO  no build target found for D:\Data_Engineer\data-eng-case-study-main\src\main\scala\com\bosch\asc\pipeline\TaxiPipeline.scala. Using presentation compiler with project's scala-library version: 2.13.13
2025.05.24 02:42:52 INFO  no build target found for D:\Data_Engineer\data-eng-case-study-main\src\main\scala\com\bosch\asc\pipeline\TaxiPipeline.scala. Using presentation compiler with project's scala-library version: 2.13.13
2025.05.24 02:42:57 INFO  running 'C:\Program Files\Java\jdk-11\bin\java.exe -Djline.terminal=jline.UnsupportedTerminal -Dsbt.log.noformat=true -Dfile.encoding=UTF-8 -jar C:\Users\khila\AppData\Local\Temp\metals12164224045345535880\sbt-launch.jar -Dbloop.export-jar-classifiers=sources bloopInstall'
2025.05.24 02:42:59 INFO  no build target found for D:\Data_Engineer\data-eng-case-study-main\src\main\scala\com\bosch\asc\pipeline\TaxiPipeline.scala. Using presentation compiler with project's scala-library version: 2.13.13
2025.05.24 02:43:01 INFO  [info] welcome to sbt 1.10.7 (Oracle Corporation Java 11.0.25)
2025.05.24 02:43:03 INFO  no build target found for D:\Data_Engineer\data-eng-case-study-main\src\main\scala\com\bosch\asc\pipeline\TaxiPipeline.scala. Using presentation compiler with project's scala-library version: 2.13.13
2025.05.24 02:43:04 INFO  no build target found for D:\Data_Engineer\data-eng-case-study-main\src\main\scala\com\bosch\asc\pipeline\TaxiPipeline.scala. Using presentation compiler with project's scala-library version: 2.13.13
2025.05.24 02:43:05 INFO  [info] loading settings for project data-eng-case-study-main-build-build-build from metals.sbt...
2025.05.24 02:43:04 INFO  no build target found for D:\Data_Engineer\data-eng-case-study-main\src\main\scala\com\bosch\asc\pipeline\TaxiPipeline.scala. Using presentation compiler with project's scala-library version: 2.13.13
2025.05.24 02:43:06 INFO  [info] loading project definition from D:\Data_Engineer\data-eng-case-study-main\project\project\project
2025.05.24 02:43:09 INFO  [info] loading settings for project data-eng-case-study-main-build-build from metals.sbt...
2025.05.24 02:43:09 INFO  [info] loading project definition from D:\Data_Engineer\data-eng-case-study-main\project\project
2025.05.24 02:43:13 INFO  [success] Generated .bloop\data-eng-case-study-main-build-build.json
2025.05.24 02:43:13 INFO  [success] Total time: 4 s, completed 24-May-2025, 2:43:13 AM
2025.05.24 02:43:15 INFO  [info] loading settings for project data-eng-case-study-main-build from metals.sbt, plugins.sbt...
2025.05.24 02:43:15 INFO  [info] loading project definition from D:\Data_Engineer\data-eng-case-study-main\project
2025.05.24 02:43:17 INFO  [success] Generated .bloop\data-eng-case-study-main-build.json
2025.05.24 02:43:17 INFO  [success] Total time: 2 s, completed 24-May-2025, 2:43:17 AM
2025.05.24 02:43:19 INFO  [info] loading settings for project root from build.sbt...
2025.05.24 02:43:19 INFO  [info] set current project to pipeline (in build file:/D:/Data_Engineer/data-eng-case-study-main/)
2025.05.24 02:43:19 INFO  [info] .env detected (fileName=.env). About to configure JVM System Environment with new map
2025.05.24 02:43:19 INFO  [info] Configured .env environment
2025.05.24 02:43:19 ERROR WARNING: An illegal reflective access operation has occurred
2025.05.24 02:43:19 ERROR WARNING: Illegal reflective access by au.com.onegeek.sbtdotenv.DirtyEnvironmentHack$ (file:/C:/Users/khila/AppData/Local/Coursier/Cache/v1/https/repo1.maven.org/maven2/nl/gn0s1s/sbt-dotenv_2.12_1.0/3.1.1/sbt-dotenv_2.12_1.0-3.1.1.jar) to field java.lang.ProcessEnvironment.theEnvironment
2025.05.24 02:43:19 ERROR WARNING: Please consider reporting this to the maintainers of au.com.onegeek.sbtdotenv.DirtyEnvironmentHack$
2025.05.24 02:43:19 ERROR WARNING: Use --illegal-access=warn to enable warnings of further illegal reflective access operations
2025.05.24 02:43:19 ERROR WARNING: All illegal access operations will be denied in a future release
2025.05.24 02:43:23 INFO  [success] Generated .bloop\root-test.json
2025.05.24 02:43:23 INFO  [success] Generated .bloop\root.json
2025.05.24 02:43:23 INFO  [success] Total time: 3 s, completed 24-May-2025, 2:43:23 AM
2025.05.24 02:43:23 INFO  time: ran 'sbt bloopInstall' in 25s
2025.05.24 02:43:23 INFO  Disconnecting from Bloop session...
2025.05.24 02:43:23 INFO  Shut down connection with build server.
2025.05.24 02:43:23 INFO  Shut down connection with build server.
2025.05.24 02:43:23 INFO  Shut down connection with build server.
2025.05.24 02:43:23 INFO  Attempting to connect to the build server...
2025.05.24 02:43:23 INFO  Found a Bloop server running
2025.05.24 02:43:23 INFO  tracing is disabled for protocol BSP, to enable tracing of incoming and outgoing JSON messages create an empty file at D:\Data_Engineer\data-eng-case-study-main\.metals\bsp.trace.json or C:\Users\khila\AppData\Local\scalameta\metals\cache\bsp.trace.json
2025.05.24 02:43:23 INFO  Attempting to connect to the build server...
2025.05.24 02:43:23 INFO  Found a Bloop server running
2025.05.24 02:43:23 INFO  Attempting to connect to the build server...
2025.05.24 02:43:23 INFO  Found a Bloop server running
2025.05.24 02:43:23 INFO  tracing is disabled for protocol BSP, to enable tracing of incoming and outgoing JSON messages create an empty file at D:\Data_Engineer\data-eng-case-study-main\project\project\.metals\bsp.trace.json or C:\Users\khila\AppData\Local\scalameta\metals\cache\bsp.trace.json
2025.05.24 02:43:23 INFO  tracing is disabled for protocol BSP, to enable tracing of incoming and outgoing JSON messages create an empty file at D:\Data_Engineer\data-eng-case-study-main\project\.metals\bsp.trace.json or C:\Users\khila\AppData\Local\scalameta\metals\cache\bsp.trace.json
2025.05.24 02:43:23 INFO  time: Connected to build server in 0.35s
2025.05.24 02:43:23 INFO  Connected to Build server: Bloop v2.0.10
2025.05.24 02:43:23 INFO  time: Imported build in 0.28s
2025.05.24 02:43:41 INFO  time: indexed workspace in 17s
2025.05.24 02:43:43 INFO  compiling root (2 scala sources)
2025.05.24 02:44:09 INFO  compiling root-test (1 scala source)
2025.05.24 02:44:10 INFO  time: compiled root in 26s
2025.05.24 02:44:13 INFO  time: compiled root-test in 4.52s
May 24, 2025 2:50:27 AM org.eclipse.lsp4j.jsonrpc.RemoteEndpoint handleCancellation
WARNING: Unmatched cancel notification for request id 232
May 24, 2025 2:50:27 AM org.eclipse.lsp4j.jsonrpc.RemoteEndpoint handleCancellation
WARNING: Unmatched cancel notification for request id 236
May 24, 2025 2:50:27 AM org.eclipse.lsp4j.jsonrpc.RemoteEndpoint handleCancellation
WARNING: Unmatched cancel notification for request id 238
May 24, 2025 2:50:27 AM org.eclipse.lsp4j.jsonrpc.RemoteEndpoint handleCancellation
WARNING: Unmatched cancel notification for request id 240
May 24, 2025 2:50:27 AM org.eclipse.lsp4j.jsonrpc.RemoteEndpoint handleCancellation
WARNING: Unmatched cancel notification for request id 241
May 24, 2025 2:50:27 AM org.eclipse.lsp4j.jsonrpc.RemoteEndpoint handleCancellation
WARNING: Unmatched cancel notification for request id 242
May 24, 2025 2:50:27 AM org.eclipse.lsp4j.jsonrpc.RemoteEndpoint handleCancellation
WARNING: Unmatched cancel notification for request id 243
May 24, 2025 2:50:28 AM org.eclipse.lsp4j.jsonrpc.RemoteEndpoint handleCancellation
WARNING: Unmatched cancel notification for request id 252
2025.05.24 02:50:52 INFO  running 'C:\Program Files\Java\jdk-11\bin\java.exe -Djline.terminal=jline.UnsupportedTerminal -Dsbt.log.noformat=true -Dfile.encoding=UTF-8 -jar C:\Users\khila\AppData\Local\Temp\metals857453850689843723\sbt-launch.jar -Dbloop.export-jar-classifiers=sources bloopInstall'
2025.05.24 02:50:55 INFO  [info] welcome to sbt 1.10.7 (Oracle Corporation Java 11.0.25)
2025.05.24 02:50:56 INFO  [info] loading settings for project data-eng-case-study-main-build-build-build from metals.sbt...
2025.05.24 02:50:57 INFO  [info] loading project definition from D:\Data_Engineer\data-eng-case-study-main\project\project\project
2025.05.24 02:50:59 INFO  [info] loading settings for project data-eng-case-study-main-build-build from metals.sbt...
2025.05.24 02:50:59 INFO  [info] loading project definition from D:\Data_Engineer\data-eng-case-study-main\project\project
2025.05.24 02:51:04 INFO  [success] Generated .bloop\data-eng-case-study-main-build-build.json
2025.05.24 02:51:04 INFO  [success] Total time: 5 s, completed 24-May-2025, 2:51:04 AM
2025.05.24 02:51:04 INFO  [info] loading settings for project data-eng-case-study-main-build from metals.sbt, plugins.sbt...
2025.05.24 02:51:04 INFO  [info] loading project definition from D:\Data_Engineer\data-eng-case-study-main\project
2025.05.24 02:51:06 INFO  [success] Generated .bloop\data-eng-case-study-main-build.json
2025.05.24 02:51:06 INFO  [success] Total time: 2 s, completed 24-May-2025, 2:51:06 AM
2025.05.24 02:51:06 INFO  [info] loading settings for project root from build.sbt...
2025.05.24 02:51:06 INFO  [info] set current project to pipeline (in build file:/D:/Data_Engineer/data-eng-case-study-main/)
2025.05.24 02:51:06 INFO  [info] .env detected (fileName=.env). About to configure JVM System Environment with new map
2025.05.24 02:51:07 ERROR WARNING: An illegal reflective access operation has occurred
2025.05.24 02:51:06 INFO  [info] Configured .env environment
2025.05.24 02:51:07 ERROR WARNING: Illegal reflective access by au.com.onegeek.sbtdotenv.DirtyEnvironmentHack$ (file:/C:/Users/khila/AppData/Local/Coursier/Cache/v1/https/repo1.maven.org/maven2/nl/gn0s1s/sbt-dotenv_2.12_1.0/3.1.1/sbt-dotenv_2.12_1.0-3.1.1.jar) to field java.lang.ProcessEnvironment.theEnvironment
2025.05.24 02:51:07 ERROR WARNING: Please consider reporting this to the maintainers of au.com.onegeek.sbtdotenv.DirtyEnvironmentHack$
2025.05.24 02:51:07 ERROR WARNING: Use --illegal-access=warn to enable warnings of further illegal reflective access operations
2025.05.24 02:51:07 ERROR WARNING: All illegal access operations will be denied in a future release
2025.05.24 02:51:11 INFO  [success] Generated .bloop\root.json
2025.05.24 02:51:11 INFO  [success] Generated .bloop\root-test.json
2025.05.24 02:51:11 INFO  [success] Total time: 4 s, completed 24-May-2025, 2:51:11 AM
2025.05.24 02:51:12 INFO  time: ran 'sbt bloopInstall' in 19s
2025.05.24 02:51:12 INFO  Disconnecting from Bloop session...
2025.05.24 02:51:12 INFO  Shut down connection with build server.
2025.05.24 02:51:12 INFO  Shut down connection with build server.
2025.05.24 02:51:12 INFO  Shut down connection with build server.
2025.05.24 02:51:12 INFO  Attempting to connect to the build server...
2025.05.24 02:51:12 INFO  Found a Bloop server running
2025.05.24 02:51:12 INFO  tracing is disabled for protocol BSP, to enable tracing of incoming and outgoing JSON messages create an empty file at D:\Data_Engineer\data-eng-case-study-main\.metals\bsp.trace.json or C:\Users\khila\AppData\Local\scalameta\metals\cache\bsp.trace.json
2025.05.24 02:51:12 INFO  Attempting to connect to the build server...
2025.05.24 02:51:12 INFO  Found a Bloop server running
2025.05.24 02:51:12 INFO  Attempting to connect to the build server...
2025.05.24 02:51:12 INFO  Found a Bloop server running
2025.05.24 02:51:12 INFO  tracing is disabled for protocol BSP, to enable tracing of incoming and outgoing JSON messages create an empty file at D:\Data_Engineer\data-eng-case-study-main\project\project\.metals\bsp.trace.json or C:\Users\khila\AppData\Local\scalameta\metals\cache\bsp.trace.json
2025.05.24 02:51:12 INFO  tracing is disabled for protocol BSP, to enable tracing of incoming and outgoing JSON messages create an empty file at D:\Data_Engineer\data-eng-case-study-main\project\.metals\bsp.trace.json or C:\Users\khila\AppData\Local\scalameta\metals\cache\bsp.trace.json
2025.05.24 02:51:12 INFO  time: Connected to build server in 0.33s
2025.05.24 02:51:12 INFO  Connected to Build server: Bloop v2.0.10
2025.05.24 02:51:12 INFO  time: Imported build in 0.34s
2025.05.24 02:51:27 INFO  time: indexed workspace in 14s
May 24, 2025 2:52:19 AM org.eclipse.lsp4j.jsonrpc.services.GenericEndpoint notify
INFO: Unsupported notification method: $/setTrace
